\Cobol\fuentes\LIS002.cbl Thu Nov 19 11:46:42 2015  ACUCOBOL-GT v7.2.0  Page: 0001
ccbl32 -Cr -Ce -Vxe3 -vc -Zl -zd -Zz -Fx3 -Lo @.lst -o \Cobol\LIS002.acu -Lf \Cobol\fuentes\LIS002.cbl


      * =================================================================== */
      *                                                                     */
      *   COBOLNAME.CBL                                                     */
      *   (C) 2008 AUTHOR                                                   */
      *                                                                     */
      *   DESCRIPTION                                                       */
      *                                                                    .*/
      * =================================================================== */
      *PROGRAM DESCRIPTION
       IDENTIFICATION DIVISION.
       PROGRAM-ID. LIS001.
       AUTHOR. CRESPILLO RODRIGO ANDRES.
       INSTALLATION.
       DATE-WRITTEN. 18/11/2015.
       DATE-COMPILED.
      *----------------------------------------------------------------
       ENVIRONMENT DIVISION.

       CONFIGURATION SECTION.
       SOURCE-COMPUTER. NOMBRE COMPUTADIR FUENTE.
       OBJECT-COMPUTER. NOMBRE COMPUTADOR OBJETO.
       SPECIAL-NAMES.
            DECIMAL-POINT IS COMMA.

       INPUT-OUTPUT SECTION.
       FILE-CONTROL.
           SELECT ARCHIVO
           ASSIGN TO "\COBOL\arch\mcuentas2"
           ORGANIZATION IS SEQUENTIAL.
           SELECT LISTADO
           ASSIGN TO "\COBOL\listado\LIS-XLS.xls"
           ORGANIZATION IS SEQUENTIAL.
      *----------------------------------------------------------------
       DATA DIVISION.

       FILE SECTION.

       COPY "\COBOL\fuentes\cpy\fd-ctas-reg.fds".
       FD  ARCHIVO.
       01  CTAS-REG.
            03 CTAS-DOCUMENTO           PIC 9(08).
            03 CTAS-APELLIDO            PIC X(20).
            03 CTAS-NOMBRE              PIC X(20).
            03 CTAS-FECHA-NAC.
             05 CTAS-FECHA-NAC-ANHO      PIC 9999.
             05 CTAS-FECHA-NAC-MES       PIC 99.
             05 CTAS-FECHA-NAC-DIA       PIC 99.
            03 CTAS-PROVINCIA           PIC X(01).
            03 CTAS-APERTURA            PIC 9(01).
            03 CTAS-SITUACION           PIC 9(01).
            03 CTAS-SALDO               PIC S9(10)V99.
            03 CTAS-FECHA-BAJA          PIC 9(08).
            03 FILLER                   PIC X(21).

       FD  LISTADO.
       01  REG-XLS                      PIC X(100).

\Cobol\fuentes\LIS002.cbl Thu Nov 19 11:46:42 2015  ACUCOBOL-GT v7.2.0  Page: 0002



       WORKING-STORAGE SECTION.

       COPY "\COBOL\fuentes\cpy\wk-tabla-aperturas.cpy".
       77  WK-DETALLE-APERTURA          PIC X(13).
       77  WK-APERTURA                  PIC 9.
       01  TAB-APERTURA.
            03 FILLER                   PIC X(14)
            VALUE "1Normal       ".
            03 FILLER                   PIC X(14)
            VALUE "2Ampliar      ".
            03 FILLER                   PIC X(14)
            VALUE "3Internacional".
            03 FILLER                   PIC X(14)
            VALUE "6Estudio      ".
            03 FILLER                   PIC X(14)
            VALUE "7F.Docum      ".
            03 FILLER                   PIC X(14)
            VALUE "8Denegada     ".
            03 FILLER                   PIC X(14)
            VALUE "9Analisis     ".
       01  TAB-APERTURA-BYINDEX REDEFINES TAB-APERTURA.
            03 TAB-APERTURA-DETALLE OCCURS 7
               INDEXED BY APER-INDEX.
               05 TAB-CTAS-APERTURA         PIC 9.
               05 TAB-CTAS-APERTURA-DETALLE PIC X(13).
       COPY "\COBOL\fuentes\cpy\wk-fecha-vuelta.cpy".
       01  WK-FECHA                     PIC 9(08).
       01  FILLER REDEFINES  WK-FECHA.
            03 WK-FEC-ANHIO             PIC X(04).
            03 WK-FEC-MES               PIC X(02).
            03 WK-FEC-DIA               PIC X(02).

       01  WK-FECHA-ED.
            03 WK-FEC-DIA-ED            PIC X(02).
            03 FILLER                   PIC X VALUE "/".
            03 WK-FEC-MES-ED            PIC X(02).
            03 FILLER                   PIC X VALUE "/".
            03 WK-FEC-ANHIO-ED          PIC X(04).

       77  WK-LEIDOS                    PIC 9(04).
       77  WK-FINAL                     PIC 9(01).
       77  WK-LINEA-GRABADA             PIC 9(04).
       77  WK-LINEA-CONSIDERADA         PIC 9(04).

       01  TITULO-01.
            03 FILLER                   PIC X(18) VALUE
            "LISTADO DE CUENTAS".
            03 FILLER                   PIC X(30) VALUE SPACES.
            03 TIT-FECHA                PIC X(10).

       01  LIN-DETALLE.
            03 X-DOC                    PIC 9(08).
            03 X-APE                    PIC X(20).
            03 X-NOM                    PIC X(20).
            03 X-FNAC                   PIC 9(8).
            03 X-PRV                    PIC X.

\Cobol\fuentes\LIS002.cbl Thu Nov 19 11:46:42 2015  ACUCOBOL-GT v7.2.0  Page: 0003


            03 X-APER                   PIC X(15).
            03 X-SIT                    PIC X.

       LINKAGE SECTION.
       SCREEN SECTION.
      *----------------------------------------------------------------
       PROCEDURE DIVISION.
       CONTROL-PROG.
000005     PERFORM INICIO     THRU F-INICIO
000009     PERFORM PROCESO    THRU F-PROCESO
00000D     PERFORM FINAL-PROG THRU F-FINAL-PROG
000011     GOBACK.

      * ABRE ARCHIVO Y ANHADE ENCABEZADO
       INICIO.
00001B     PERFORM ABRIR-ARCHIVO THRU F-ABRIR-ARCHIVO
00001F     PERFORM ENCABEZAR     THRU F-ENCABEZAR.
       F-INICIO.

      * ABRE EL ARCHIVO
       ABRIR-ARCHIVO.
00002B     OPEN INPUT ARCHIVO
000036     OPEN OUTPUT LISTADO.
       F-ABRIR-ARCHIVO.

       ENCABEZAR.
      * ACEPTA HORA DEL SISTEMA Y LA PONE EN EL LISTADO
000049     ACCEPT WK-FECHA FROM CENTURY-DATE
00004F     PERFORM MOVER-FECHA THRU F-MOVER-FECHA
000053     MOVE WK-FECHA-ED  TO TIT-FECHA
      * IMPRIME EN EL EXIL
00005A     INITIALIZE REG-XLS
000060     STRING TITULO-01 INTO REG-XLS
           END-STRING
000067     WRITE REG-XLS.
       F-ENCABEZAR.

       PROCESO.
00007B     PERFORM UNTIL WK-FINAL= 1
000085        READ ARCHIVO AT END
000091             MOVE 1 TO WK-FINAL
000097             EXIT PERFORM CYCLE
              END-READ
00009B        ADD 1 TO WK-LEIDOS
0000A1        IF CTAS-FECHA-BAJA = 0 AND (CTAS-APERTURA = 6
              OR CTAS-APERTURA = 7 OR CTAS-APERTURA = 9)
0000C6              ADD 1 TO WK-LINEA-CONSIDERADA
0000CC              INITIALIZE LIN-DETALLE
      * SI EL CONTADOR ES MAYOR A 64 AGREGO 1 HOJA
0000DC              PERFORM DETALLE THRU F-DETALLE
               END-IF
           END-PERFORM.
       F-PROCESO.


       DETALLE.
0000EB     MOVE CTAS-DOCUMENTO    TO X-DOC

\Cobol\fuentes\LIS002.cbl Thu Nov 19 11:46:42 2015  ACUCOBOL-GT v7.2.0  Page: 0004


0000F2     MOVE CTAS-APELLIDO     TO X-APE
0000F9     MOVE CTAS-NOMBRE       TO X-NOM
000100     MOVE CTAS-FECHA-NAC    TO X-FNAC
000107     MOVE CTAS-PROVINCIA    TO X-PRV
00010D     MOVE CTAS-APERTURA     TO WK-APERTURA
000113     PERFORM DETALLE-APERTURA THRU F-DETALLE-APERTURA
000117     MOVE WK-DETALLE-APERTURA TO X-APER
00011F     MOVE CTAS-SITUACION      TO X-SIT

000126     INITIALIZE REG-XLS
           STRING
00012C           X-DOC H"09"
                 X-APE H"09"
                 X-NOM H"09"
                 X-FNAC H"09"
                 X-PRV H"09"
                 X-APER H"09"
                 X-SIT H"09"

                 INTO REG-XLS
           END-STRING
000178     WRITE REG-XLS
000184     ADD 1 TO WK-LINEA-GRABADA.
       F-DETALLE.

       FINAL-PROG.
000192     PERFORM CERRAR-ARCHIVO    THRU F-CERRAR-ARCHIVO
000196     PERFORM VERIFICAR-TOTALES THRU F-VERIFICAR-TOTALES.
       F-FINAL-PROG.

       VERIFICAR-TOTALES.
0001A2     DISPLAY "Leidos: "   AT 1016 WK-LEIDOS CONVERT
0001B0     DISPLAY "Considerados: " AT 1216 WK-LINEA-CONSIDERADA CONVERT
0001BE     DISPLAY "Grabadas :"   AT 1416 WK-LINEA-GRABADA CONVERT
0001CC     DISPLAY MESSAGE "Enter para continuar"
           END-DISPLAY
0001D4     IF WK-LINEA-GRABADA <> WK-LINEA-CONSIDERADA
0001DE        DISPLAY MESSAGE "Cuentas no balancean"
              END-DISPLAY
           END-IF.
       F-VERIFICAR-TOTALES.

       CERRAR-ARCHIVO.
0001EE     CLOSE ARCHIVO
                 LISTADO.
       F-CERRAR-ARCHIVO.

       COPY "\COBOL\fuentes\cpy\procedure-fecha-vuelta.cpy".
       MOVER-FECHA.
00020B     MOVE WK-FEC-ANHIO TO WK-FEC-ANHIO-ED
000211     MOVE WK-FEC-MES   TO WK-FEC-MES-ED
000217     MOVE WK-FEC-DIA   TO WK-FEC-DIA-ED.
       F-MOVER-FECHA.
       COPY "\COBOL\fuentes\cpy\procedure-search-detalle.cpy".
       DETALLE-APERTURA.
000225     SET APER-INDEX TO 1
00022B     SEARCH TAB-APERTURA-DETALLE

\Cobol\fuentes\LIS002.cbl Thu Nov 19 11:46:42 2015  ACUCOBOL-GT v7.2.0  Page: 0005


            WHEN TAB-CTAS-APERTURA(APER-INDEX) = WK-APERTURA
00024A       MOVE TAB-CTAS-APERTURA-DETALLE(APER-INDEX)
             TO WK-DETALLE-APERTURA
           END-SEARCH.
       F-DETALLE-APERTURA.
      *----------------------------------------------------------------

\Cobol\fuentes\LIS002.cbl Thu Nov 19 11:46:42 2015  ACUCOBOL-GT v7.2.0  Page: 0006


STATISTICS

Total Lines:         233
# of Files:            2
# of Data Items:      58
# of Paragraphs:      21

Elapsed Time:        0.0 seconds
Lines/Minute:    1398000


Code Size:           609 (000261)
Data Size:           812 (00032C)
Shared Data:          14 (00000E)
Extra Segment:       198 (0000C6)
Thread Segment:       84 (000054)
Address Table:       180 (0000B4)
Program Size:       1897 (000769)

0 Error(s), 0 Warning(s)
