\Cobol\fuentes\LIS002-CONTROL-BAJA.cbl Thu Nov 19 12:55:10 2015  ACUCOBOL-GT v7.2.0  Page: 0001
ccbl32 -Cr -Ce -Vxe3 -vc -Zl -zd -Zz -Fx3 -Lo @.lst -o \Cobol\LIS002-CONTROL-BAJA.acu -Lf \Cobol\fuentes\LIS002-CONTROL-BAJA.cbl


      * =================================================================== */
      *                                                                     */
      *   COBOLNAME.CBL                                                     */
      *   (C) 2008 AUTHOR                                                   */
      *                                                                     */
      *   DESCRIPTION                                                       */
      *                                                                    .*/
      * =================================================================== */
      *PROGRAM DESCRIPTION
       IDENTIFICATION DIVISION.
       PROGRAM-ID. LIS001.
       AUTHOR. CRESPILLO RODRIGO ANDRES.
       INSTALLATION.
       DATE-WRITTEN. 18/11/2015.
       DATE-COMPILED.
      *----------------------------------------------------------------
       ENVIRONMENT DIVISION.

       CONFIGURATION SECTION.
       SOURCE-COMPUTER. NOMBRE COMPUTADIR FUENTE.
       OBJECT-COMPUTER. NOMBRE COMPUTADOR OBJETO.
       SPECIAL-NAMES.
            DECIMAL-POINT IS COMMA.

       INPUT-OUTPUT SECTION.
       FILE-CONTROL.
           SELECT ARCHIVO
           ASSIGN TO "\COBOL\arch\mcuentas2"
           ORGANIZATION IS SEQUENTIAL.
      *----------------------------------------------------------------
       DATA DIVISION.

       FILE SECTION.

       COPY "\COBOL\fuentes\cpy\fd-ctas-reg.fds".
       FD  ARCHIVO.
       01  CTAS-REG.
            03 CTAS-DOCUMENTO           PIC 9(08).
            03 CTAS-APELLIDO            PIC X(20).
            03 CTAS-NOMBRE              PIC X(20).
            03 CTAS-FECHA-NAC.
             05 CTAS-FECHA-NAC-ANHO      PIC 9999.
             05 CTAS-FECHA-NAC-MES       PIC 99.
             05 CTAS-FECHA-NAC-DIA       PIC 99.
            03 CTAS-PROVINCIA           PIC X(01).
            03 CTAS-APERTURA            PIC 9(01).
            03 CTAS-SITUACION           PIC 9(01).
            03 CTAS-SALDO               PIC S9(10)V99.
            03 CTAS-FECHA-BAJA          PIC 9(08).
            03 FILLER                   PIC X(21).

       WORKING-STORAGE SECTION.
       77  WK-FINAL                     PIC 9(01).
       77  WK-CONTADOR-BAJA             PIC 9(04).

       LINKAGE SECTION.

\Cobol\fuentes\LIS002-CONTROL-BAJA.cbl Thu Nov 19 12:55:10 2015  ACUCOBOL-GT v7.2.0  Page: 0002


       SCREEN SECTION.
      *----------------------------------------------------------------
       PROCEDURE DIVISION.
       CONTROL-PROG.
000005     PERFORM INICIO     THRU F-INICIO
000009     PERFORM PROCESO    THRU F-PROCESO
00000D     PERFORM FINAL-PROG THRU F-FINAL-PROG
000011     GOBACK.

      * ABRE ARCHIVO Y ANHADE ENCABEZADO
       INICIO.
00001B     PERFORM ABRIR-ARCHIVO THRU F-ABRIR-ARCHIVO.
       F-INICIO.

      * ABRE EL ARCHIVO
       ABRIR-ARCHIVO.
000027     OPEN INPUT ARCHIVO.
       F-ABRIR-ARCHIVO.

       PROCESO.
00003A     PERFORM UNTIL WK-FINAL= 1
000044        READ ARCHIVO AT END
000050             MOVE 1 TO WK-FINAL
000056             EXIT PERFORM CYCLE
              END-READ
00005A        EVALUATE CTAS-FECHA-BAJA
000063             WHEN 0 ADD 1 TO WK-CONTADOR-BAJA
              END-EVALUATE
           END-PERFORM.
       F-PROCESO.


       FINAL-PROG.
000074     PERFORM CERRAR-ARCHIVO    THRU F-CERRAR-ARCHIVO
000078     PERFORM VERIFICAR-TOTALES THRU F-VERIFICAR-TOTALES.
       F-FINAL-PROG.

       VERIFICAR-TOTALES.
000084     DISPLAY "Cuentas en Baja: "
           AT 1016 WK-CONTADOR-BAJA CONVERT
000092     DISPLAY MESSAGE "Enter para continuar"
           END-DISPLAY.
       F-VERIFICAR-TOTALES.

       CERRAR-ARCHIVO.
0000A2     CLOSE ARCHIVO.
       F-CERRAR-ARCHIVO.

      *----------------------------------------------------------------

\Cobol\fuentes\LIS002-CONTROL-BAJA.cbl Thu Nov 19 12:55:10 2015  ACUCOBOL-GT v7.2.0  Page: 0003


STATISTICS

Total Lines:         105
# of Files:            1
# of Data Items:      16
# of Paragraphs:      13

Elapsed Time:        0.0 seconds
Lines/Minute:     630000


Code Size:           182 (0000B6)
Data Size:           272 (000110)
Shared Data:          14 (00000E)
Extra Segment:       106 (00006A)
Thread Segment:       52 (000034)
Address Table:        48 (000030)
Program Size:        674 (0002A2)

0 Error(s), 0 Warning(s)
