\Cobol\fuentes\LIS002-CONTROL-APERTURA.cbl Wed Nov 25 20:44:17 2015  ACUCOBOL-GT v7.2.0  Page: 0001
ccbl32 -Cr -Ce -Vxe3 -vc -Zl -zd -Zz -Fx3 -Lo @.lst -o \Cobol\LIS002-CONTROL-APERTURA.acu -Lf \Cobol\fuentes\LIS002-CONTROL-APERTURA.cbl


      * =================================================================== */
      *                                                                     */
      *   COBOLNAME.CBL                                                     */
      *   (C) 2008 AUTHOR                                                   */
      *                                                                     */
      *   Muestra la cantidad de Aperturas por cada Tipo                    */
      *                                                                    .*/
      * =================================================================== */
      *PROGRAM DESCRIPTION
       IDENTIFICATION DIVISION.
       PROGRAM-ID. LIS001-CONTROL-APERTURA.
       AUTHOR. CRESPILLO RODRIGO ANDRES.
       INSTALLATION.
       DATE-WRITTEN. 18/11/2015.
       DATE-COMPILED.
      *----------------------------------------------------------------
       ENVIRONMENT DIVISION.

       CONFIGURATION SECTION.
       SOURCE-COMPUTER. NOMBRE COMPUTADIR FUENTE.
       OBJECT-COMPUTER. NOMBRE COMPUTADOR OBJETO.
       SPECIAL-NAMES.
            DECIMAL-POINT IS COMMA.

       INPUT-OUTPUT SECTION.
       FILE-CONTROL.
           SELECT M-CUENTAS
           ASSIGN TO "\COBOL\arch\mcuentas"
           ORGANIZATION IS SEQUENTIAL.
      *----------------------------------------------------------------
       DATA DIVISION.

       FILE SECTION.

       COPY "\COBOL\fuentes\cpy\fd-ctas-reg.fds".
       FD  M-CUENTAS.
       01  CTAS-REG.
            03 CTAS-DOCUMENTO           PIC 9(08).
            03 CTAS-APELLIDO            PIC X(20).
            03 CTAS-NOMBRE              PIC X(20).
            03 CTAS-FECHA-NAC.
             05 CTAS-FECHA-NAC-ANHO      PIC 9999.
             05 CTAS-FECHA-NAC-MES       PIC 99.
             05 CTAS-FECHA-NAC-DIA       PIC 99.
            03 CTAS-PROVINCIA           PIC X(01).
            03 CTAS-APERTURA            PIC 9(01).
            03 CTAS-SITUACION           PIC 9(01).
            03 CTAS-SALDO               PIC S9(10)V99.
            03 CTAS-FECHA-BAJA          PIC 9(08).
            03 FILLER                   PIC X(21).

       WORKING-STORAGE SECTION.
       77  WK-FINAL                     PIC 9(01).
       77  WK-APERTURA-NORMAL           PIC 9(04).
       77  WK-APERTURA-AMPLIAR          PIC 9(04).
       77  WK-APERTURA-INTERNACIONAL    PIC 9(04).

\Cobol\fuentes\LIS002-CONTROL-APERTURA.cbl Wed Nov 25 20:44:17 2015  ACUCOBOL-GT v7.2.0  Page: 0002


       77  WK-APERTURA-ESTUDIO          PIC 9(04).
       77  WK-APERTURA-FDOCUM           PIC 9(04).
       77  WK-APERTURA-DENEGADA         PIC 9(04).
       77  WK-APERTURA-ANALISIS         PIC 9(04).

       LINKAGE SECTION.
       SCREEN SECTION.
      *----------------------------------------------------------------
       PROCEDURE DIVISION.
       CONTROL-PROG.
000005     PERFORM INICIO     THRU F-INICIO
000009     PERFORM PROCESO    THRU F-PROCESO
00000D     PERFORM FINAL-PROG THRU F-FINAL-PROG
000011     GOBACK.

      * ABRE ARCHIVO Y ANHADE ENCABEZADO
       INICIO.
00001B     PERFORM ABRIR-ARCHIVO THRU F-ABRIR-ARCHIVO.
       F-INICIO. EXIT.

      * ABRE EL ARCHIVO
       ABRIR-ARCHIVO.
000028     OPEN INPUT M-CUENTAS.
       F-ABRIR-ARCHIVO. EXIT.

       PROCESO.
00003C     PERFORM UNTIL WK-FINAL= 1
000046        READ M-CUENTAS AT END
000052             MOVE 1 TO WK-FINAL
000058             EXIT PERFORM CYCLE
              END-READ
00005C        PERFORM CONTADORES-APERTURA THRU F-CONTADORES-APERTURA
           END-PERFORM.
       F-PROCESO. EXIT.

       CONTADORES-APERTURA.
00006C     EVALUATE CTAS-APERTURA
000075        WHEN 1 ADD 1 TO WK-APERTURA-NORMAL
000087        WHEN 2 ADD 1 TO WK-APERTURA-AMPLIAR
000099        WHEN 3 ADD 1 TO WK-APERTURA-INTERNACIONAL
0000AB        WHEN 6 ADD 1 TO WK-APERTURA-ESTUDIO
0000BD        WHEN 7 ADD 1 TO WK-APERTURA-FDOCUM
0000CF        WHEN 8 ADD 1 TO WK-APERTURA-DENEGADA
0000E1        WHEN 9 ADD 1 TO WK-APERTURA-ANALISIS
           END-EVALUATE.
       F-CONTADORES-APERTURA. EXIT.

       FINAL-PROG.
0000F0     PERFORM CERRAR-ARCHIVO    THRU F-CERRAR-ARCHIVO
0000F4     PERFORM VERIFICAR-TOTALES THRU F-VERIFICAR-TOTALES.
       F-FINAL-PROG. EXIT.

       VERIFICAR-TOTALES.
000101     DISPLAY "Normal: "
           AT 1016 WK-APERTURA-NORMAL CONVERT
00010F     DISPLAY "Ampliar: "
           AT 1216 WK-APERTURA-AMPLIAR CONVERT

\Cobol\fuentes\LIS002-CONTROL-APERTURA.cbl Wed Nov 25 20:44:17 2015  ACUCOBOL-GT v7.2.0  Page: 0003


00011D     DISPLAY "Internacional :"
           AT 1416 WK-APERTURA-INTERNACIONAL CONVERT
00012B     DISPLAY "Estudio: "
           AT 1616 WK-APERTURA-ESTUDIO CONVERT
000139     DISPLAY "F.Docum: "
           AT 1816 WK-APERTURA-FDOCUM CONVERT
000147     DISPLAY "Denegada :"
           AT 2016 WK-APERTURA-DENEGADA CONVERT
000155     DISPLAY "Analisis :"
           AT 2216 WK-APERTURA-ANALISIS CONVERT
000163     DISPLAY MESSAGE "Enter para continuar"
           END-DISPLAY.
       F-VERIFICAR-TOTALES. EXIT.

       CERRAR-ARCHIVO.
000174     CLOSE M-CUENTAS.
       F-CERRAR-ARCHIVO. EXIT.

      *----------------------------------------------------------------

\Cobol\fuentes\LIS002-CONTROL-APERTURA.cbl Wed Nov 25 20:44:17 2015  ACUCOBOL-GT v7.2.0  Page: 0004


STATISTICS

Total Lines:         132
# of Files:            1
# of Data Items:      22
# of Paragraphs:      15

Elapsed Time:        0.9 seconds
Lines/Minute:       8516


Code Size:           393 (000189)
Data Size:           388 (000184)
Shared Data:          14 (00000E)
Extra Segment:       208 (0000D0)
Thread Segment:       60 (00003C)
Address Table:       240 (0000F0)
Program Size:       1303 (000517)

0 Error(s), 0 Warning(s)
